<?xml version="1.0" encoding="UTF-8"?>
<!-- Generated by org.testng.reporters.JUnitReportReporter -->
<testsuite hostname="LAPTOP-PLNO5R2G" failures="0" tests="3" name="com.qa.rediff.testcases.LandingPageTest" time="7.140" errors="0" timestamp="2023-04-02T01:07:30 PDT" skipped="0">
  <testcase classname="com.qa.rediff.testcases.LandingPageTest" name="validateCurrentUrlActualTitle" time="3.063"/>
  <system-out/>
  <testcase classname="com.qa.rediff.testcases.LandingPageTest" name="rediffLogoPresence" time="2.015"/>
  <system-out/>
  <testcase classname="com.qa.rediff.testcases.LandingPageTest" name="SignInLinkPresence" time="2.062"/>
  <system-out/>
</testsuite> <!-- com.qa.rediff.testcases.LandingPageTest -->
