<?xml version="1.0" encoding="UTF-8"?>
<!-- Generated by org.testng.reporters.JUnitReportReporter -->
<testsuite hostname="LAPTOP-PLNO5R2G" failures="0" tests="1" name="com.qa.rediff.testcases.HomePageTest" time="12.994" errors="0" timestamp="2023-04-02T01:07:30 PDT" skipped="0">
  <testcase classname="com.qa.rediff.testcases.HomePageTest" name="presenceofRediffLogo" time="12.994"/>
  <system-out/>
</testsuite> <!-- com.qa.rediff.testcases.HomePageTest -->
