<?xml version="1.0" encoding="UTF-8"?>
<!-- Generated by org.testng.reporters.JUnitReportReporter -->
<testsuite hostname="LAPTOP-PLNO5R2G" failures="0" tests="7" name="com.qa.rediff.testcases.LoginPageTest" time="43.995" errors="0" timestamp="2023-04-02T01:07:30 PDT" skipped="0">
  <testcase classname="com.qa.rediff.testcases.LoginPageTest" name="logInWithValidCredentials" time="9.261"/>
  <system-out/>
  <testcase classname="com.qa.rediff.testcases.LoginPageTest" name="logInWithValidCredentials" time="8.437"/>
  <system-out/>
  <testcase classname="com.qa.rediff.testcases.LoginPageTest" name="logInWithValidCredentials" time="8.758"/>
  <system-out/>
  <testcase classname="com.qa.rediff.testcases.LoginPageTest" name="logInWithInvalidCredentials" time="4.702"/>
  <system-out/>
  <testcase classname="com.qa.rediff.testcases.LoginPageTest" name="logInWithValidEmailInvalidPassword" time="4.496"/>
  <system-out/>
  <testcase classname="com.qa.rediff.testcases.LoginPageTest" name="logInWithInvalidEmailValidPassword" time="4.619"/>
  <system-out/>
  <testcase classname="com.qa.rediff.testcases.LoginPageTest" name="logInWithNoCredentials" time="3.722"/>
  <system-out/>
</testsuite> <!-- com.qa.rediff.testcases.LoginPageTest -->
